[0515/180955.219:ERROR:process_info.cc(359)] UncheckedAllocate
[0515/180957.565:ERROR:process_info.cc(359)] UncheckedAllocate
[0515/180958.138:ERROR:process_info.cc(359)] UncheckedAllocate
[0515/180959.273:ERROR:process_info.cc(359)] UncheckedAllocate
[0515/180959.886:ERROR:process_info.cc(359)] UncheckedAllocate
[0515/181000.792:ERROR:process_info.cc(359)] UncheckedAllocate
[0515/181001.494:ERROR:filesystem_win.cc(148)] DeleteFile C:\Users\sakthi\AppData\Local\Temp\scoped_dir20384_899316314\Crashpad\reports\9df9f4e6-4d79-4091-b3af-e02f00f33eb4.dmp: The process cannot access the file because it is being used by another process. (0x20)
[0515/181147.062:ERROR:process_reader_win.cc(151)] SuspendThread: Access is denied. (0x5)
[0515/181147.072:ERROR:exception_snapshot_win.cc(98)] thread ID 14260 not found in process
[0515/181147.114:ERROR:process_reader_win.cc(151)] SuspendThread: Access is denied. (0x5)
[0515/181147.119:ERROR:exception_snapshot_win.cc(98)] thread ID 1428 not found in process
[0522/131114.988:ERROR:file_io.cc(89)] ReadExactly: expected 36, observed 0
[0522/140110.629:ERROR:file_io.cc(89)] ReadExactly: expected 36, observed 0
[0522/195441.341:ERROR:process_reader_win.cc(151)] SuspendThread: Access is denied. (0x5)
[0522/195441.349:ERROR:process_reader_win.cc(151)] SuspendThread: Access is denied. (0x5)
[0522/195441.349:ERROR:exception_snapshot_win.cc(98)] thread ID 12816 not found in process
[0615/194011.911:ERROR:process_memory_win.cc(73)] ReadMemory at 0x2388c3a07b0 of 72 bytes failed: Only part of a ReadProcessMemory or WriteProcessMemory request was completed. (0x12B)
[0615/194011.911:WARNING:pe_image_annotations_reader.cc(134)] could not read annotations list object in C:\Program Files (x86)\Google\Chrome\Application\83.0.4103.97\chrome_elf.dll
[0615/194011.911:ERROR:process_memory_win.cc(73)] ReadMemory at 0x2388c7a5b40 of 72 bytes failed: Only part of a ReadProcessMemory or WriteProcessMemory request was completed. (0x12B)
[0615/194011.911:WARNING:pe_image_annotations_reader.cc(134)] could not read annotations list object in C:\Program Files (x86)\Google\Chrome\Application\83.0.4103.97\chrome.dll
[0615/194011.911:ERROR:process_memory_win.cc(73)] ReadMemory at 0x2388c910000 of 64 bytes failed: Only part of a ReadProcessMemory or WriteProcessMemory request was completed. (0x12B)
[0615/194011.911:WARNING:pe_image_reader.cc(340)] could not read dos header from C:\windows\System32\GDI32.dll
[0615/194011.926:ERROR:process_memory_win.cc(73)] ReadMemory at 0x2388c3a07b0 of 72 bytes failed: Only part of a ReadProcessMemory or WriteProcessMemory request was completed. (0x12B)
[0615/194011.926:WARNING:pe_image_annotations_reader.cc(134)] could not read annotations list object in C:\Program Files (x86)\Google\Chrome\Application\83.0.4103.97\chrome_elf.dll
[0615/194011.926:ERROR:process_memory_win.cc(73)] ReadMemory at 0x2388c7a5b40 of 72 bytes failed: Only part of a ReadProcessMemory or WriteProcessMemory request was completed. (0x12B)
[0615/194011.926:WARNING:pe_image_annotations_reader.cc(134)] could not read annotations list object in C:\Program Files (x86)\Google\Chrome\Application\83.0.4103.97\chrome.dll
[0615/194011.926:ERROR:process_memory_win.cc(73)] ReadMemory at 0x2388c910000 of 64 bytes failed: Only part of a ReadProcessMemory or WriteProcessMemory request was completed. (0x12B)
[0615/194011.926:WARNING:pe_image_reader.cc(340)] could not read dos header from C:\windows\System32\GDI32.dll
[0615/194011.926:ERROR:process_memory_win.cc(73)] ReadMemory at 0x2388c3a07b0 of 72 bytes failed: Only part of a ReadProcessMemory or WriteProcessMemory request was completed. (0x12B)
[0615/194011.926:WARNING:pe_image_annotations_reader.cc(134)] could not read annotations list object in C:\Program Files (x86)\Google\Chrome\Application\83.0.4103.97\chrome_elf.dll
[0615/194011.926:ERROR:process_memory_win.cc(73)] ReadMemory at 0x2388c7a5b40 of 72 bytes failed: Only part of a ReadProcessMemory or WriteProcessMemory request was completed. (0x12B)
[0615/194011.926:WARNING:pe_image_annotations_reader.cc(134)] could not read annotations list object in C:\Program Files (x86)\Google\Chrome\Application\83.0.4103.97\chrome.dll
[0615/194011.926:ERROR:process_memory_win.cc(73)] ReadMemory at 0x2388c910000 of 64 bytes failed: Only part of a ReadProcessMemory or WriteProcessMemory request was completed. (0x12B)
[0615/194011.926:WARNING:pe_image_reader.cc(340)] could not read dos header from C:\windows\System32\GDI32.dll
[0615/194011.942:ERROR:process_memory_win.cc(73)] ReadMemory at 0xd8b55e8000 of 98304 bytes failed: Only part of a ReadProcessMemory or WriteProcessMemory request was completed. (0x12B)
[0615/194011.942:ERROR:process_memory_win.cc(73)] ReadMemory at 0xd8b5dfd000 of 12288 bytes failed: Only part of a ReadProcessMemory or WriteProcessMemory request was completed. (0x12B)
[0615/194011.942:ERROR:process_memory_win.cc(73)] ReadMemory at 0xd8b6dfc000 of 16384 bytes failed: Only part of a ReadProcessMemory or WriteProcessMemory request was completed. (0x12B)
[0615/194011.942:ERROR:process_memory_win.cc(73)] ReadMemory at 0xd8b75fb000 of 20480 bytes failed: Only part of a ReadProcessMemory or WriteProcessMemory request was completed. (0x12B)
[0615/194011.942:ERROR:process_memory_win.cc(73)] ReadMemory at 0xd8b7dfe000 of 8192 bytes failed: Only part of a ReadProcessMemory or WriteProcessMemory request was completed. (0x12B)
[0615/194011.942:ERROR:process_memory_win.cc(73)] ReadMemory at 0xd8b85fd000 of 12288 bytes failed: Only part of a ReadProcessMemory or WriteProcessMemory request was completed. (0x12B)
[0615/194011.942:ERROR:process_memory_win.cc(73)] ReadMemory at 0xd8b8dfb000 of 20480 bytes failed: Only part of a ReadProcessMemory or WriteProcessMemory request was completed. (0x12B)
[0615/194011.942:ERROR:process_memory_win.cc(73)] ReadMemory at 0xd8b9dfd000 of 12288 bytes failed: Only part of a ReadProcessMemory or WriteProcessMemory request was completed. (0x12B)
[0615/194011.942:ERROR:process_memory_win.cc(73)] ReadMemory at 0xd8ba5f6000 of 40960 bytes failed: Only part of a ReadProcessMemory or WriteProcessMemory request was completed. (0x12B)
[0615/194011.942:ERROR:process_memory_win.cc(73)] ReadMemory at 0xd8badf6000 of 40960 bytes failed: Only part of a ReadProcessMemory or WriteProcessMemory request was completed. (0x12B)
[0615/194011.942:ERROR:process_memory_win.cc(73)] ReadMemory at 0xd8bb5fd000 of 12288 bytes failed: Only part of a ReadProcessMemory or WriteProcessMemory request was completed. (0x12B)
[0615/194011.942:ERROR:process_memory_win.cc(73)] ReadMemory at 0xd8b95fd000 of 12288 bytes failed: Only part of a ReadProcessMemory or WriteProcessMemory request was completed. (0x12B)
[0615/194011.942:ERROR:process_memory_win.cc(73)] ReadMemory at 0xd8bbdfd000 of 12288 bytes failed: Only part of a ReadProcessMemory or WriteProcessMemory request was completed. (0x12B)
[0615/194011.942:ERROR:process_memory_win.cc(73)] ReadMemory at 0xd8bc5fc000 of 16384 bytes failed: Only part of a ReadProcessMemory or WriteProcessMemory request was completed. (0x12B)
[0615/194011.942:ERROR:process_memory_win.cc(73)] ReadMemory at 0xd8b65fd000 of 12288 bytes failed: Only part of a ReadProcessMemory or WriteProcessMemory request was completed. (0x12B)
[0615/194011.942:ERROR:process_memory_win.cc(73)] ReadMemory at 0xd8b4c98000 of 6024 bytes failed: Only part of a ReadProcessMemory or WriteProcessMemory request was completed. (0x12B)
[0615/194011.942:ERROR:process_memory_win.cc(73)] ReadMemory at 0xd8b4c9a000 of 6024 bytes failed: Only part of a ReadProcessMemory or WriteProcessMemory request was completed. (0x12B)
[0615/194011.942:ERROR:process_memory_win.cc(73)] ReadMemory at 0xd8b4c9c000 of 6024 bytes failed: Only part of a ReadProcessMemory or WriteProcessMemory request was completed. (0x12B)
[0615/194011.942:ERROR:process_memory_win.cc(73)] ReadMemory at 0xd8b4d85000 of 852 bytes failed: Only part of a ReadProcessMemory or WriteProcessMemory request was completed. (0x12B)
[0615/194011.942:ERROR:process_memory_win.cc(73)] ReadMemory at 0xd8b4d86000 of 6024 bytes failed: Only part of a ReadProcessMemory or WriteProcessMemory request was completed. (0x12B)
[0615/194011.942:ERROR:process_memory_win.cc(73)] ReadMemory at 0xd8b4d88000 of 6024 bytes failed: Only part of a ReadProcessMemory or WriteProcessMemory request was completed. (0x12B)
[0615/194011.942:ERROR:process_memory_win.cc(73)] ReadMemory at 0xd8b4d8c000 of 6024 bytes failed: Only part of a ReadProcessMemory or WriteProcessMemory request was completed. (0x12B)
[0615/194011.942:ERROR:process_memory_win.cc(73)] ReadMemory at 0xd8b4d8e000 of 6024 bytes failed: Only part of a ReadProcessMemory or WriteProcessMemory request was completed. (0x12B)
[0615/194011.942:ERROR:process_memory_win.cc(73)] ReadMemory at 0xd8b4d90000 of 6024 bytes failed: Only part of a ReadProcessMemory or WriteProcessMemory request was completed. (0x12B)
[0615/194011.942:ERROR:process_memory_win.cc(73)] ReadMemory at 0xd8b4d92000 of 6024 bytes failed: Only part of a ReadProcessMemory or WriteProcessMemory request was completed. (0x12B)
[0615/194011.942:ERROR:process_memory_win.cc(73)] ReadMemory at 0xd8b4d94000 of 6024 bytes failed: Only part of a ReadProcessMemory or WriteProcessMemory request was completed. (0x12B)
[0615/194011.942:ERROR:process_memory_win.cc(73)] ReadMemory at 0xd8b4d98000 of 6024 bytes failed: Only part of a ReadProcessMemory or WriteProcessMemory request was completed. (0x12B)
[0615/194011.942:ERROR:process_memory_win.cc(73)] ReadMemory at 0xd8b4d9a000 of 6024 bytes failed: Only part of a ReadProcessMemory or WriteProcessMemory request was completed. (0x12B)
[0615/194011.942:ERROR:process_memory_win.cc(73)] ReadMemory at 0xd8b4d9c000 of 6024 bytes failed: Only part of a ReadProcessMemory or WriteProcessMemory request was completed. (0x12B)
[0615/194011.942:ERROR:process_memory_win.cc(73)] ReadMemory at 0xd8b4d9df80 of 6152 bytes failed: Only part of a ReadProcessMemory or WriteProcessMemory request was completed. (0x12B)
[0615/194011.942:ERROR:process_memory_win.cc(73)] ReadMemory at 0xd8b4da4000 of 6024 bytes failed: Only part of a ReadProcessMemory or WriteProcessMemory request was completed. (0x12B)
[0615/194011.942:ERROR:process_memory_win.cc(73)] ReadMemory at 0x2388c09ff80 of 800 bytes failed: Only part of a ReadProcessMemory or WriteProcessMemory request was completed. (0x12B)
[0615/194011.942:ERROR:process_memory_win.cc(73)] ReadMemory at 0x2388c280750 of 80 bytes failed: Only part of a ReadProcessMemory or WriteProcessMemory request was completed. (0x12B)
[0615/194011.942:ERROR:process_memory_win.cc(73)] ReadMemory at 0x2388c280fe0 of 4316 bytes failed: Only part of a ReadProcessMemory or WriteProcessMemory request was completed. (0x12B)
[0615/194011.942:ERROR:process_memory_win.cc(73)] ReadMemory at 0x2388c2820d0 of 1012 bytes failed: Only part of a ReadProcessMemory or WriteProcessMemory request was completed. (0x12B)
[0615/194011.942:ERROR:process_memory_win.cc(73)] ReadMemory at 0x2388c282718 of 118 bytes failed: Only part of a ReadProcessMemory or WriteProcessMemory request was completed. (0x12B)
[0615/194011.942:ERROR:process_memory_win.cc(73)] ReadMemory at 0x2388c282790 of 1264 bytes failed: Only part of a ReadProcessMemory or WriteProcessMemory request was completed. (0x12B)
[0615/194011.958:ERROR:process_memory_win.cc(73)] ReadMemory at 0x2388c282c82 of 118 bytes failed: Only part of a ReadProcessMemory or WriteProcessMemory request was completed. (0x12B)
[0615/194011.958:ERROR:process_memory_win.cc(73)] ReadMemory at 0x2388c282cfa of 94 bytes failed: Only part of a ReadProcessMemory or WriteProcessMemory request was completed. (0x12B)
[0615/194011.958:ERROR:process_memory_win.cc(73)] ReadMemory at 0x2388c282d70 of 58 bytes failed: Only part of a ReadProcessMemory or WriteProcessMemory request was completed. (0x12B)
[0615/194011.958:ERROR:process_memory_win.cc(73)] ReadMemory at 0x2388c282e70 of 132 bytes failed: Only part of a ReadProcessMemory or WriteProcessMemory request was completed. (0x12B)
[0615/194011.958:ERROR:process_memory_win.cc(73)] ReadMemory at 0x2388c283000 of 132 bytes failed: Only part of a ReadProcessMemory or WriteProcessMemory request was completed. (0x12B)
[0615/194011.958:ERROR:process_memory_win.cc(73)] ReadMemory at 0x2388c2831c0 of 124 bytes failed: Only part of a ReadProcessMemory or WriteProcessMemory request was completed. (0x12B)
[0615/194011.958:ERROR:process_memory_win.cc(73)] ReadMemory at 0x2388c2835a0 of 132 bytes failed: Only part of a ReadProcessMemory or WriteProcessMemory request was completed. (0x12B)
[0615/194011.958:ERROR:process_memory_win.cc(73)] ReadMemory at 0x2388c283730 of 64 bytes failed: Only part of a ReadProcessMemory or WriteProcessMemory request was completed. (0x12B)
[0615/194011.958:ERROR:process_memory_win.cc(73)] ReadMemory at 0x2388c283780 of 132 bytes failed: Only part of a ReadProcessMemory or WriteProcessMemory request was completed. (0x12B)
[0615/194011.958:ERROR:process_memory_win.cc(73)] ReadMemory at 0x2388c2838b0 of 144 bytes failed: Only part of a ReadProcessMemory or WriteProcessMemory request was completed. (0x12B)
[0615/194011.958:ERROR:process_memory_win.cc(73)] ReadMemory at 0x2388c283b90 of 132 bytes failed: Only part of a ReadProcessMemory or WriteProcessMemory request was completed. (0x12B)
[0615/194011.958:ERROR:process_memory_win.cc(73)] ReadMemory at 0x2388c283d20 of 68 bytes failed: Only part of a ReadProcessMemory or WriteProcessMemory request was completed. (0x12B)
[0615/194011.958:ERROR:process_memory_win.cc(73)] ReadMemory at 0x2388c284e10 of 132 bytes failed: Only part of a ReadProcessMemory or WriteProcessMemory request was completed. (0x12B)
[0615/194011.958:ERROR:process_memory_win.cc(73)] ReadMemory at 0x2388c284f80 of 132 bytes failed: Only part of a ReadProcessMemory or WriteProcessMemory request was completed. (0x12B)
[0615/194011.958:ERROR:process_memory_win.cc(73)] ReadMemory at 0x2388c2850b0 of 152 bytes failed: Only part of a ReadProcessMemory or WriteProcessMemory request was completed. (0x12B)
[0615/194011.958:ERROR:process_memory_win.cc(73)] ReadMemory at 0x2388c285e60 of 62 bytes failed: Only part of a ReadProcessMemory or WriteProcessMemory request was completed. (0x12B)
[0615/194011.958:ERROR:process_memory_win.cc(73)] ReadMemory at 0x2388c286050 of 60 bytes failed: Only part of a ReadProcessMemory or WriteProcessMemory request was completed. (0x12B)
[0615/194011.958:ERROR:process_memory_win.cc(73)] ReadMemory at 0x2388c286620 of 132 bytes failed: Only part of a ReadProcessMemory or WriteProcessMemory request was completed. (0x12B)
[0615/194011.958:ERROR:process_memory_win.cc(73)] ReadMemory at 0x2388c28687a of 512 bytes failed: Only part of a ReadProcessMemory or WriteProcessMemory request was completed. (0x12B)
[0615/194011.958:ERROR:process_memory_win.cc(73)] ReadMemory at 0x2388c2883b0 of 132 bytes failed: Only part of a ReadProcessMemory or WriteProcessMemory request was completed. (0x12B)
[0615/194011.958:ERROR:process_memory_win.cc(73)] ReadMemory at 0x2388c28b3a0 of 60 bytes failed: Only part of a ReadProcessMemory or WriteProcessMemory request was completed. (0x12B)
[0615/194011.958:ERROR:process_memory_win.cc(73)] ReadMemory at 0x2388c28b490 of 66 bytes failed: Only part of a ReadProcessMemory or WriteProcessMemory request was completed. (0x12B)
[0615/194011.958:ERROR:process_memory_win.cc(73)] ReadMemory at 0x2388c28b530 of 62 bytes failed: Only part of a ReadProcessMemory or WriteProcessMemory request was completed. (0x12B)
[0615/194011.958:ERROR:process_memory_win.cc(73)] ReadMemory at 0x2388c28b580 of 64 bytes failed: Only part of a ReadProcessMemory or WriteProcessMemory request was completed. (0x12B)
[0615/194011.958:ERROR:process_memory_win.cc(73)] ReadMemory at 0x2388c28b5d0 of 64 bytes failed: Only part of a ReadProcessMemory or WriteProcessMemory request was completed. (0x12B)
[0615/194011.958:ERROR:process_memory_win.cc(73)] ReadMemory at 0x2388c28b670 of 62 bytes failed: Only part of a ReadProcessMemory or WriteProcessMemory request was completed. (0x12B)
[0615/194011.958:ERROR:process_memory_win.cc(73)] ReadMemory at 0x2388c28b760 of 60 bytes failed: Only part of a ReadProcessMemory or WriteProcessMemory request was completed. (0x12B)
[0615/194011.958:ERROR:process_memory_win.cc(73)] ReadMemory at 0x2388c28b7b0 of 64 bytes failed: Only part of a ReadProcessMemory or WriteProcessMemory request was completed. (0x12B)
[0615/194011.958:ERROR:process_memory_win.cc(73)] ReadMemory at 0x2388c28b800 of 64 bytes failed: Only part of a ReadProcessMemory or WriteProcessMemory request was completed. (0x12B)
[0615/194011.958:ERROR:process_memory_win.cc(73)] ReadMemory at 0x2388c28bb60 of 132 bytes failed: Only part of a ReadProcessMemory or WriteProcessMemory request was completed. (0x12B)
[0615/194011.958:ERROR:process_memory_win.cc(73)] ReadMemory at 0x2388c28bec0 of 132 bytes failed: Only part of a ReadProcessMemory or WriteProcessMemory request was completed. (0x12B)
[0615/194011.958:ERROR:process_memory_win.cc(73)] ReadMemory at 0x2388c28c8e0 of 132 bytes failed: Only part of a ReadProcessMemory or WriteProcessMemory request was completed. (0x12B)
[0615/194011.958:ERROR:process_memory_win.cc(73)] ReadMemory at 0x2388c28cc10 of 132 bytes failed: Only part of a ReadProcessMemory or WriteProcessMemory request was completed. (0x12B)
[0615/194011.958:ERROR:process_memory_win.cc(73)] ReadMemory at 0x2388c28cd40 of 132 bytes failed: Only part of a ReadProcessMemory or WriteProcessMemory request was completed. (0x12B)
[0615/194011.958:ERROR:process_memory_win.cc(73)] ReadMemory at 0x2388c28ce70 of 132 bytes failed: Only part of a ReadProcessMemory or WriteProcessMemory request was completed. (0x12B)
[0615/194011.958:ERROR:process_memory_win.cc(73)] ReadMemory at 0x2388c28cfa0 of 132 bytes failed: Only part of a ReadProcessMemory or WriteProcessMemory request was completed. (0x12B)
[0615/194011.958:ERROR:process_memory_win.cc(73)] ReadMemory at 0x2388c28d0d0 of 132 bytes failed: Only part of a ReadProcessMemory or WriteProcessMemory request was completed. (0x12B)
[0615/194011.958:ERROR:process_memory_win.cc(73)] ReadMemory at 0x2388c28d200 of 132 bytes failed: Only part of a ReadProcessMemory or WriteProcessMemory request was completed. (0x12B)
[0615/194011.958:ERROR:process_memory_win.cc(73)] ReadMemory at 0x2388c28d330 of 132 bytes failed: Only part of a ReadProcessMemory or WriteProcessMemory request was completed. (0x12B)
[0615/194011.958:ERROR:process_memory_win.cc(73)] ReadMemory at 0x2388c28d460 of 132 bytes failed: Only part of a ReadProcessMemory or WriteProcessMemory request was completed. (0x12B)
[0615/194011.958:ERROR:process_memory_win.cc(73)] ReadMemory at 0x2388c28d6c0 of 132 bytes failed: Only part of a ReadProcessMemory or WriteProcessMemory request was completed. (0x12B)
[0615/194011.958:ERROR:process_memory_win.cc(73)] ReadMemory at 0x2388c28d7f0 of 132 bytes failed: Only part of a ReadProcessMemory or WriteProcessMemory request was completed. (0x12B)
[0615/194011.958:ERROR:process_memory_win.cc(73)] ReadMemory at 0x2388c28d920 of 132 bytes failed: Only part of a ReadProcessMemory or WriteProcessMemory request was completed. (0x12B)
[0615/194011.958:ERROR:process_memory_win.cc(73)] ReadMemory at 0x2388c28da50 of 132 bytes failed: Only part of a ReadProcessMemory or WriteProcessMemory request was completed. (0x12B)
[0615/194011.958:ERROR:process_memory_win.cc(73)] ReadMemory at 0x2388c28f800 of 132 bytes failed: Only part of a ReadProcessMemory or WriteProcessMemory request was completed. (0x12B)
[0615/194011.958:ERROR:process_memory_win.cc(73)] ReadMemory at 0x2388c291780 of 132 bytes failed: Only part of a ReadProcessMemory or WriteProcessMemory request was completed. (0x12B)
[0615/194011.958:ERROR:process_memory_win.cc(73)] ReadMemory at 0x2388c293d00 of 54 bytes failed: Only part of a ReadProcessMemory or WriteProcessMemory request was completed. (0x12B)
[0615/194011.958:ERROR:process_memory_win.cc(73)] ReadMemory at 0x2388c2948e0 of 132 bytes failed: Only part of a ReadProcessMemory or WriteProcessMemory request was completed. (0x12B)
[0615/194011.958:ERROR:process_memory_win.cc(73)] ReadMemory at 0x2388c294c30 of 132 bytes failed: Only part of a ReadProcessMemory or WriteProcessMemory request was completed. (0x12B)
[0615/194011.958:ERROR:process_memory_win.cc(73)] ReadMemory at 0x2388c294e50 of 132 bytes failed: Only part of a ReadProcessMemory or WriteProcessMemory request was completed. (0x12B)
[0615/194011.958:ERROR:process_memory_win.cc(73)] ReadMemory at 0x2388c2950f0 of 80 bytes failed: Only part of a ReadProcessMemory or WriteProcessMemory request was completed. (0x12B)
[0615/194011.958:ERROR:process_memory_win.cc(73)] ReadMemory at 0x2388c295630 of 78 bytes failed: Only part of a ReadProcessMemory or WriteProcessMemory request was completed. (0x12B)
[0615/194011.958:ERROR:process_memory_win.cc(73)] ReadMemory at 0x2388c2959f0 of 76 bytes failed: Only part of a ReadProcessMemory or WriteProcessMemory request was completed. (0x12B)
[0615/194011.958:ERROR:process_memory_win.cc(73)] ReadMemory at 0x2388c295fe0 of 60 bytes failed: Only part of a ReadProcessMemory or WriteProcessMemory request was completed. (0x12B)
[0615/194011.958:ERROR:process_memory_win.cc(73)] ReadMemory at 0x2388c296030 of 64 bytes failed: Only part of a ReadProcessMemory or WriteProcessMemory request was completed. (0x12B)
[0615/194011.958:ERROR:process_memory_win.cc(73)] ReadMemory at 0x2388c2962b0 of 60 bytes failed: Only part of a ReadProcessMemory or WriteProcessMemory request was completed. (0x12B)
[0615/194011.958:ERROR:process_memory_win.cc(73)] ReadMemory at 0x2388c2963a0 of 62 bytes failed: Only part of a ReadProcessMemory or WriteProcessMemory request was completed. (0x12B)
[0615/194011.958:ERROR:process_memory_win.cc(73)] ReadMemory at 0x2388c2964e0 of 62 bytes failed: Only part of a ReadProcessMemory or WriteProcessMemory request was completed. (0x12B)
[0615/194011.958:ERROR:process_memory_win.cc(73)] ReadMemory at 0x2388c296580 of 66 bytes failed: Only part of a ReadProcessMemory or WriteProcessMemory request was completed. (0x12B)
[0615/194011.958:ERROR:process_memory_win.cc(73)] ReadMemory at 0x2388c2965d0 of 60 bytes failed: Only part of a ReadProcessMemory or WriteProcessMemory request was completed. (0x12B)
[0615/194011.958:ERROR:process_memory_win.cc(73)] ReadMemory at 0x2388c296710 of 62 bytes failed: Only part of a ReadProcessMemory or WriteProcessMemory request was completed. (0x12B)
[0615/194011.958:ERROR:process_memory_win.cc(73)] ReadMemory at 0x2388c296850 of 62 bytes failed: Only part of a ReadProcessMemory or WriteProcessMemory request was completed. (0x12B)
[0615/194011.958:ERROR:process_memory_win.cc(73)] ReadMemory at 0x2388c2968a0 of 62 bytes failed: Only part of a ReadProcessMemory or WriteProcessMemory request was completed. (0x12B)
[0615/194011.958:ERROR:process_memory_win.cc(73)] ReadMemory at 0x2388c2968f0 of 64 bytes failed: Only part of a ReadProcessMemory or WriteProcessMemory request was completed. (0x12B)
[0615/194011.958:ERROR:process_memory_win.cc(73)] ReadMemory at 0x2388c296940 of 64 bytes failed: Only part of a ReadProcessMemory or WriteProcessMemory request was completed. (0x12B)
[0615/194011.958:ERROR:process_memory_win.cc(73)] ReadMemory at 0x2388c296990 of 58 bytes failed: Only part of a ReadProcessMemory or WriteProcessMemory request was completed. (0x12B)
[0615/194011.958:ERROR:process_memory_win.cc(73)] ReadMemory at 0x2388c2969e0 of 62 bytes failed: Only part of a ReadProcessMemory or WriteProcessMemory request was completed. (0x12B)
[0615/194011.958:ERROR:process_memory_win.cc(73)] ReadMemory at 0x2388c296a30 of 62 bytes failed: Only part of a ReadProcessMemory or WriteProcessMemory request was completed. (0x12B)
[0615/194011.958:ERROR:process_memory_win.cc(73)] ReadMemory at 0x2388c296a80 of 60 bytes failed: Only part of a ReadProcessMemory or WriteProcessMemory request was completed. (0x12B)
[0615/194011.958:ERROR:process_memory_win.cc(73)] ReadMemory at 0x2388c296b70 of 62 bytes failed: Only part of a ReadProcessMemory or WriteProcessMemory request was completed. (0x12B)
[0615/194011.958:ERROR:process_memory_win.cc(73)] ReadMemory at 0x2388c296da0 of 64 bytes failed: Only part of a ReadProcessMemory or WriteProcessMemory request was completed. (0x12B)
[0615/194011.958:ERROR:process_memory_win.cc(73)] ReadMemory at 0x2388c296df0 of 62 bytes failed: Only part of a ReadProcessMemory or WriteProcessMemory request was completed. (0x12B)
[0615/194011.958:ERROR:process_memory_win.cc(73)] ReadMemory at 0x2388c296ff0 of 132 bytes failed: Only part of a ReadProcessMemory or WriteProcessMemory request was completed. (0x12B)
[0615/194011.958:ERROR:process_memory_win.cc(73)] ReadMemory at 0x2388c297120 of 132 bytes failed: Only part of a ReadProcessMemory or WriteProcessMemory request was completed. (0x12B)
[0615/194011.958:ERROR:process_memory_win.cc(73)] ReadMemory at 0x2388c297250 of 132 bytes failed: Only part of a ReadProcessMemory or WriteProcessMemory request was completed. (0x12B)
[0615/194011.958:ERROR:process_memory_win.cc(73)] ReadMemory at 0x2388c297380 of 132 bytes failed: Only part of a ReadProcessMemory or WriteProcessMemory request was completed. (0x12B)
[0615/194011.958:ERROR:process_memory_win.cc(73)] ReadMemory at 0x2388c297710 of 132 bytes failed: Only part of a ReadProcessMemory or WriteProcessMemory request was completed. (0x12B)
[0615/194011.958:ERROR:process_memory_win.cc(73)] ReadMemory at 0x2388c297840 of 132 bytes failed: Only part of a ReadProcessMemory or WriteProcessMemory request was completed. (0x12B)
[0615/194011.958:ERROR:process_memory_win.cc(73)] ReadMemory at 0x2388c297970 of 132 bytes failed: Only part of a ReadProcessMemory or WriteProcessMemory request was completed. (0x12B)
[0615/194011.958:ERROR:process_memory_win.cc(73)] ReadMemory at 0x2388c297aa0 of 132 bytes failed: Only part of a ReadProcessMemory or WriteProcessMemory request was completed. (0x12B)
[0615/194011.958:ERROR:process_memory_win.cc(73)] ReadMemory at 0x2388c297bd0 of 132 bytes failed: Only part of a ReadProcessMemory or WriteProcessMemory request was completed. (0x12B)
[0615/194011.958:ERROR:process_memory_win.cc(73)] ReadMemory at 0x2388c297d00 of 132 bytes failed: Only part of a ReadProcessMemory or WriteProcessMemory request was completed. (0x12B)
[0615/194011.958:ERROR:process_memory_win.cc(73)] ReadMemory at 0x2388c297e30 of 132 bytes failed: Only part of a ReadProcessMemory or WriteProcessMemory request was completed. (0x12B)
[0615/194011.958:ERROR:process_memory_win.cc(73)] ReadMemory at 0x2388c297f60 of 132 bytes failed: Only part of a ReadProcessMemory or WriteProcessMemory request was completed. (0x12B)
[0615/194011.958:ERROR:process_memory_win.cc(73)] ReadMemory at 0x2388c298090 of 132 bytes failed: Only part of a ReadProcessMemory or WriteProcessMemory request was completed. (0x12B)
[0615/194011.958:ERROR:process_memory_win.cc(73)] ReadMemory at 0x2388c2981c0 of 132 bytes failed: Only part of a ReadProcessMemory or WriteProcessMemory request was completed. (0x12B)
[0615/194011.958:ERROR:process_memory_win.cc(73)] ReadMemory at 0x2388c2982f0 of 132 bytes failed: Only part of a ReadProcessMemory or WriteProcessMemory request was completed. (0x12B)
[0615/194011.958:ERROR:process_memory_win.cc(73)] ReadMemory at 0x2388c298420 of 132 bytes failed: Only part of a ReadProcessMemory or WriteProcessMemory request was completed. (0x12B)
[0615/194011.958:ERROR:process_memory_win.cc(73)] ReadMemory at 0x2388c298550 of 132 bytes failed: Only part of a ReadProcessMemory or WriteProcessMemory request was completed. (0x12B)
[0615/194011.958:ERROR:process_memory_win.cc(73)] ReadMemory at 0x2388c298680 of 132 bytes failed: Only part of a ReadProcessMemory or WriteProcessMemory request was completed. (0x12B)
[0615/194011.958:ERROR:process_memory_win.cc(73)] ReadMemory at 0x2388c2987b0 of 132 bytes failed: Only part of a ReadProcessMemory or WriteProcessMemory request was completed. (0x12B)
[0615/194011.958:ERROR:process_memory_win.cc(73)] ReadMemory at 0x2388c2988e0 of 132 bytes failed: Only part of a ReadProcessMemory or WriteProcessMemory request was completed. (0x12B)
[0615/194011.958:ERROR:process_memory_win.cc(73)] ReadMemory at 0x2388c298a10 of 132 bytes failed: Only part of a ReadProcessMemory or WriteProcessMemory request was completed. (0x12B)
[0615/194011.958:ERROR:process_memory_win.cc(73)] ReadMemory at 0x2388c2aa6a0 of 62 bytes failed: Only part of a ReadProcessMemory or WriteProcessMemory request was completed. (0x12B)
[0615/194011.958:ERROR:process_memory_win.cc(73)] ReadMemory at 0x2388c2aa830 of 64 bytes failed: Only part of a ReadProcessMemory or WriteProcessMemory request was completed. (0x12B)
[0615/194011.958:ERROR:process_memory_win.cc(73)] ReadMemory at 0x2388c2aa880 of 60 bytes failed: Only part of a ReadProcessMemory or WriteProcessMemory request was completed. (0x12B)
[0615/194011.958:ERROR:process_memory_win.cc(73)] ReadMemory at 0x2388c2aa8d0 of 58 bytes failed: Only part of a ReadProcessMemory or WriteProcessMemory request was completed. (0x12B)
[0615/194011.958:ERROR:process_memory_win.cc(73)] ReadMemory at 0x2388c2aabf0 of 66 bytes failed: Only part of a ReadProcessMemory or WriteProcessMemory request was completed. (0x12B)
[0615/194011.958:ERROR:process_memory_win.cc(73)] ReadMemory at 0x2388c2aad30 of 58 bytes failed: Only part of a ReadProcessMemory or WriteProcessMemory request was completed. (0x12B)
[0615/194011.958:ERROR:process_memory_win.cc(73)] ReadMemory at 0x2388c2aad80 of 62 bytes failed: Only part of a ReadProcessMemory or WriteProcessMemory request was completed. (0x12B)
[0615/194011.958:ERROR:process_memory_win.cc(73)] ReadMemory at 0x2388c2aaec0 of 60 bytes failed: Only part of a ReadProcessMemory or WriteProcessMemory request was completed. (0x12B)
[0615/194011.958:ERROR:process_memory_win.cc(73)] ReadMemory at 0x2388c2ab500 of 58 bytes failed: Only part of a ReadProcessMemory or WriteProcessMemory request was completed. (0x12B)
[0615/194011.958:ERROR:process_memory_win.cc(73)] ReadMemory at 0x2388c2b8990 of 512 bytes failed: Only part of a ReadProcessMemory or WriteProcessMemory request was completed. (0x12B)
[0615/194011.958:ERROR:process_memory_win.cc(73)] ReadMemory at 0x2388c2b9900 of 512 bytes failed: Only part of a ReadProcessMemory or WriteProcessMemory request was completed. (0x12B)
[0615/194011.958:ERROR:process_memory_win.cc(73)] ReadMemory at 0x2388c750d00 of 512 bytes failed: Only part of a ReadProcessMemory or WriteProcessMemory request was completed. (0x12B)
[0615/194011.958:ERROR:process_memory_win.cc(73)] ReadMemory at 0x2388c7546c0 of 512 bytes failed: Only part of a ReadProcessMemory or WriteProcessMemory request was completed. (0x12B)
[0615/194011.958:ERROR:process_memory_win.cc(73)] ReadMemory at 0x2388c7c8db8 of 512 bytes failed: Only part of a ReadProcessMemory or WriteProcessMemory request was completed. (0x12B)
[0615/194011.958:ERROR:process_memory_win.cc(73)] ReadMemory at 0x2388c7d1af0 of 512 bytes failed: Only part of a ReadProcessMemory or WriteProcessMemory request was completed. (0x12B)
[0615/194011.958:ERROR:process_memory_win.cc(73)] ReadMemory at 0x2388c7dc2a0 of 512 bytes failed: Only part of a ReadProcessMemory or WriteProcessMemory request was completed. (0x12B)
[0615/194011.958:ERROR:process_memory_win.cc(73)] ReadMemory at 0x2388c8242c0 of 512 bytes failed: Only part of a ReadProcessMemory or WriteProcessMemory request was completed. (0x12B)
[0615/194011.958:ERROR:process_memory_win.cc(73)] ReadMemory at 0x2388c833e30 of 512 bytes failed: Only part of a ReadProcessMemory or WriteProcessMemory request was completed. (0x12B)
[0615/194011.958:ERROR:process_memory_win.cc(73)] ReadMemory at 0x2388c87f620 of 512 bytes failed: Only part of a ReadProcessMemory or WriteProcessMemory request was completed. (0x12B)
[0615/194011.958:ERROR:process_memory_win.cc(73)] ReadMemory at 0x2388c960000 of 384 bytes failed: Only part of a ReadProcessMemory or WriteProcessMemory request was completed. (0x12B)
[0615/194011.958:ERROR:process_memory_win.cc(73)] ReadMemory at 0x2388c9602a4 of 512 bytes failed: Only part of a ReadProcessMemory or WriteProcessMemory request was completed. (0x12B)
[0615/194011.958:ERROR:process_memory_win.cc(73)] ReadMemory at 0x2388e13c5a0 of 512 bytes failed: Only part of a ReadProcessMemory or WriteProcessMemory request was completed. (0x12B)
[0615/194011.958:ERROR:process_memory_win.cc(73)] ReadMemory at 0x2388e21c250 of 512 bytes failed: Only part of a ReadProcessMemory or WriteProcessMemory request was completed. (0x12B)
[0615/194011.958:ERROR:process_memory_win.cc(73)] ReadMemory at 0x2388e885e80 of 512 bytes failed: Only part of a ReadProcessMemory or WriteProcessMemory request was completed. (0x12B)
[0615/194011.958:ERROR:process_memory_win.cc(73)] ReadMemory at 0x2388ea81e50 of 512 bytes failed: Only part of a ReadProcessMemory or WriteProcessMemory request was completed. (0x12B)
[0615/194011.958:ERROR:process_memory_win.cc(73)] ReadMemory at 0x2388ea82750 of 512 bytes failed: Only part of a ReadProcessMemory or WriteProcessMemory request was completed. (0x12B)
[0615/194011.958:ERROR:process_memory_win.cc(73)] ReadMemory at 0x2388fbb7270 of 512 bytes failed: Only part of a ReadProcessMemory or WriteProcessMemory request was completed. (0x12B)
[0615/194011.958:ERROR:process_memory_win.cc(73)] ReadMemory at 0x2388fe47af0 of 512 bytes failed: Only part of a ReadProcessMemory or WriteProcessMemory request was completed. (0x12B)
[0615/194011.958:ERROR:process_memory_win.cc(73)] ReadMemory at 0x23891b19fc0 of 512 bytes failed: Only part of a ReadProcessMemory or WriteProcessMemory request was completed. (0x12B)
[0615/194011.958:ERROR:process_memory_win.cc(73)] ReadMemory at 0x23891b63fd0 of 544 bytes failed: Only part of a ReadProcessMemory or WriteProcessMemory request was completed. (0x12B)
[0615/194011.958:ERROR:process_memory_win.cc(73)] ReadMemory at 0x2c21c2e4fa40 of 512 bytes failed: Only part of a ReadProcessMemory or WriteProcessMemory request was completed. (0x12B)
[0615/194011.958:ERROR:process_memory_win.cc(73)] ReadMemory at 0x7ffcb30bed77 of 512 bytes failed: Only part of a ReadProcessMemory or WriteProcessMemory request was completed. (0x12B)
[0615/194011.958:ERROR:process_memory_win.cc(73)] ReadMemory at 0x7ffcb5881b1c of 512 bytes failed: Only part of a ReadProcessMemory or WriteProcessMemory request was completed. (0x12B)
[0615/194011.958:ERROR:process_memory_win.cc(73)] ReadMemory at 0x7ffcb8a6b9c8 of 512 bytes failed: Only part of a ReadProcessMemory or WriteProcessMemory request was completed. (0x12B)
[0615/194011.958:ERROR:process_memory_win.cc(73)] ReadMemory at 0x7ffd0070a719 of 512 bytes failed: Only part of a ReadProcessMemory or WriteProcessMemory request was completed. (0x12B)
[0615/194011.958:ERROR:process_memory_win.cc(73)] ReadMemory at 0x7ffd0093c6e0 of 512 bytes failed: Only part of a ReadProcessMemory or WriteProcessMemory request was completed. (0x12B)
[0615/194011.958:ERROR:process_memory_win.cc(73)] ReadMemory at 0x7ffd02bed477 of 512 bytes failed: Only part of a ReadProcessMemory or WriteProcessMemory request was completed. (0x12B)
[0615/194011.958:ERROR:process_memory_win.cc(73)] ReadMemory at 0x7ffd02c3c074 of 672 bytes failed: Only part of a ReadProcessMemory or WriteProcessMemory request was completed. (0x12B)
[0615/194011.958:ERROR:process_memory_win.cc(73)] ReadMemory at 0x7ffd02c3c674 of 512 bytes failed: Only part of a ReadProcessMemory or WriteProcessMemory request was completed. (0x12B)
[0615/194011.958:ERROR:process_memory_win.cc(73)] ReadMemory at 0x7ffd02c3c9f4 of 512 bytes failed: Only part of a ReadProcessMemory or WriteProcessMemory request was completed. (0x12B)
[0615/194011.958:ERROR:process_memory_win.cc(73)] ReadMemory at 0x7ffd02c3f984 of 512 bytes failed: Only part of a ReadProcessMemory or WriteProcessMemory request was completed. (0x12B)
[0615/194011.958:ERROR:process_memory_win.cc(73)] ReadMemory at 0x7ffd02ccc428 of 18 bytes failed: Only part of a ReadProcessMemory or WriteProcessMemory request was completed. (0x12B)
[0615/194011.958:ERROR:process_memory_win.cc(73)] ReadMemory at 0x7ffd02cff4f8 of 40 bytes failed: Only part of a ReadProcessMemory or WriteProcessMemory request was completed. (0x12B)
[0615/194011.958:ERROR:process_memory_win.cc(73)] ReadMemory at 0x7ffd02cff978 of 48 bytes failed: Only part of a ReadProcessMemory or WriteProcessMemory request was completed. (0x12B)
[0615/194011.958:ERROR:process_memory_win.cc(73)] ReadMemory at 0x7ffd02d03ba0 of 512 bytes failed: Only part of a ReadProcessMemory or WriteProcessMemory request was completed. (0x12B)
[0615/194011.958:ERROR:process_memory_win.cc(73)] ReadMemory at 0x7ffd02d053c0 of 64 bytes failed: Only part of a ReadProcessMemory or WriteProcessMemory request was completed. (0x12B)
[0615/194011.973:ERROR:scoped_process_suspend.cc(40)] NtResumeProcess: An attempt was made to access an exiting process. (0xc000010a)
